<?xml version="1.0" encoding="UTF-8"?>
<!-- Generated by org.testng.reporters.JUnitXMLReporter -->
<testsuite ignored="0" hostname="LAPTOP-JJ6NIKT4" failures="0" tests="6" name="Default test" time="3.253" errors="0" timestamp="2024-10-26T16:57:15 IST">
  <testcase classname="com.sgtesting.tests.Assignment2" name="createemployee1" time="2.934"/>
  <testcase classname="com.sgtesting.tests.Assignment2" name="createemployee2" time="0.077"/>
  <testcase classname="com.sgtesting.tests.Assignment2" name="displayemployee1" time="0.05"/>
  <testcase classname="com.sgtesting.tests.Assignment2" name="displayemployee2" time="0.041"/>
  <testcase classname="com.sgtesting.tests.Assignment2" name="deleteEmployee1" time="0.038"/>
  <testcase classname="com.sgtesting.tests.Assignment2" name="deleteEmployee2" time="0.032"/>
</testsuite> <!-- Default test -->
