<?xml version="1.0" encoding="UTF-8"?>
<!-- Generated by org.testng.reporters.JUnitXMLReporter -->
<testsuite ignored="0" hostname="LAPTOP-JJ6NIKT4" failures="0" tests="6" name="Test" time="2.179" errors="0" timestamp="2024-12-20T11:33:00 IST">
  <testcase classname="com.sgtesting.tests.Assignment2" name="createemployee1" time="1.919"/>
  <testcase classname="com.sgtesting.tests.Assignment2" name="createemployee2" time="0.037"/>
  <testcase classname="com.sgtesting.tests.Assignment2" name="displayemployee1" time="0.055"/>
  <testcase classname="com.sgtesting.tests.Assignment2" name="displayemployee2" time="0.035"/>
  <testcase classname="com.sgtesting.tests.Assignment2" name="deleteEmployee1" time="0.017"/>
  <testcase classname="com.sgtesting.tests.Assignment2" name="deleteEmployee2" time="0.018"/>
</testsuite> <!-- Test -->
