<?xml version="1.0" encoding="UTF-8"?>
<testng-results ignored="0" total="3" passed="3" failed="0" skipped="0">
  <reporter-output>
  </reporter-output>
  <suite started-at="2024-10-30T22:35:17 IST" name="Default suite" finished-at="2024-10-30T22:35:21 IST" duration-ms="3832">
    <groups>
    </groups>
    <test started-at="2024-10-30T22:35:17 IST" name="Default test" finished-at="2024-10-30T22:35:21 IST" duration-ms="3832">
      <class name="com.sgtesting.tests.Assignment1">
        <test-method signature="createemployee()[pri:2, instance:com.sgtesting.tests.Assignment1@47e2e487]" started-at="2024-10-30T22:35:17 IST" name="createemployee" finished-at="2024-10-30T22:35:21 IST" duration-ms="3519" status="PASS">
          <reporter-output>
          </reporter-output>
        </test-method> <!-- createemployee -->
        <test-method signature="displayemployee()[pri:2, instance:com.sgtesting.tests.Assignment1@47e2e487]" started-at="2024-10-30T22:35:21 IST" name="displayemployee" finished-at="2024-10-30T22:35:21 IST" duration-ms="133" status="PASS">
          <reporter-output>
          </reporter-output>
        </test-method> <!-- displayemployee -->
        <test-method signature="deleteEmployee()[pri:3, instance:com.sgtesting.tests.Assignment1@47e2e487]" started-at="2024-10-30T22:35:21 IST" name="deleteEmployee" finished-at="2024-10-30T22:35:21 IST" duration-ms="94" status="PASS">
          <reporter-output>
          </reporter-output>
        </test-method> <!-- deleteEmployee -->
      </class> <!-- com.sgtesting.tests.Assignment1 -->
    </test> <!-- Default test -->
  </suite> <!-- Default suite -->
</testng-results>
