<?xml version="1.0" encoding="UTF-8"?>
<testng-results ignored="0" total="6" passed="6" failed="0" skipped="0">
  <reporter-output>
  </reporter-output>
  <suite started-at="2024-10-26T16:58:49 IST" name="Suite" finished-at="2024-10-26T16:58:52 IST" duration-ms="3204">
    <groups>
    </groups>
    <test started-at="2024-10-26T16:58:49 IST" name="Test" finished-at="2024-10-26T16:58:52 IST" duration-ms="3204">
      <class name="com.sgtesting.tests.Assignment2">
        <test-method signature="createemployee1()[pri:1, instance:com.sgtesting.tests.Assignment2@4310d43]" started-at="2024-10-26T16:58:49 IST" name="createemployee1" finished-at="2024-10-26T16:58:52 IST" duration-ms="2893" status="PASS">
          <reporter-output>
          </reporter-output>
        </test-method> <!-- createemployee1 -->
        <test-method signature="createemployee2()[pri:2, instance:com.sgtesting.tests.Assignment2@4310d43]" started-at="2024-10-26T16:58:52 IST" name="createemployee2" finished-at="2024-10-26T16:58:52 IST" duration-ms="73" status="PASS">
          <reporter-output>
          </reporter-output>
        </test-method> <!-- createemployee2 -->
        <test-method signature="displayemployee1()[pri:3, instance:com.sgtesting.tests.Assignment2@4310d43]" started-at="2024-10-26T16:58:52 IST" name="displayemployee1" finished-at="2024-10-26T16:58:52 IST" duration-ms="49" status="PASS">
          <reporter-output>
          </reporter-output>
        </test-method> <!-- displayemployee1 -->
        <test-method signature="displayemployee2()[pri:4, instance:com.sgtesting.tests.Assignment2@4310d43]" started-at="2024-10-26T16:58:52 IST" name="displayemployee2" finished-at="2024-10-26T16:58:52 IST" duration-ms="38" status="PASS">
          <reporter-output>
          </reporter-output>
        </test-method> <!-- displayemployee2 -->
        <test-method signature="deleteEmployee1()[pri:5, instance:com.sgtesting.tests.Assignment2@4310d43]" started-at="2024-10-26T16:58:52 IST" name="deleteEmployee1" finished-at="2024-10-26T16:58:52 IST" duration-ms="38" status="PASS">
          <reporter-output>
          </reporter-output>
        </test-method> <!-- deleteEmployee1 -->
        <test-method signature="deleteEmployee2()[pri:6, instance:com.sgtesting.tests.Assignment2@4310d43]" started-at="2024-10-26T16:58:52 IST" name="deleteEmployee2" finished-at="2024-10-26T16:58:52 IST" duration-ms="28" status="PASS">
          <reporter-output>
          </reporter-output>
        </test-method> <!-- deleteEmployee2 -->
      </class> <!-- com.sgtesting.tests.Assignment2 -->
    </test> <!-- Test -->
  </suite> <!-- Suite -->
</testng-results>
